{"D:\\Users\\junjiema\\Project\\form-builder\\src\\core\\context.ts": {"path":"D:\\Users\\junjiema\\Project\\form-builder\\src\\core\\context.ts","statementMap":{"0":{"start":{"line":1,"column":0},"end":{"line":1,"column":39}},"1":{"start":{"line":3,"column":0},"end":{"line":3,"column":null}},"2":{"start":{"line":6,"column":4},"end":{"line":9,"column":null}},"3":{"start":{"line":7,"column":6},"end":{"line":7,"column":42}},"4":{"start":{"line":8,"column":6},"end":{"line":8,"column":43}},"5":{"start":{"line":10,"column":4},"end":{"line":10,"column":null}},"6":{"start":{"line":5,"column":18},"end":{"line":11,"column":null}},"7":{"start":{"line":13,"column":13},"end":{"line":13,"column":46}},"8":{"start":{"line":14,"column":13},"end":{"line":14,"column":46}}},"fnMap":{"0":{"name":"(anonymous_1)","decl":{"start":{"line":3,"column":0},"end":{"line":3,"column":17}},"loc":{"start":{"line":3,"column":30},"end":{"line":15,"column":1}}},"1":{"name":"getContext","decl":{"start":{"line":5,"column":18},"end":{"line":5,"column":28}},"loc":{"start":{"line":5,"column":28},"end":{"line":11,"column":3}}}},"branchMap":{"0":{"loc":{"start":{"line":6,"column":4},"end":{"line":9,"column":null}},"type":"if","locations":[{"start":{"line":6,"column":4},"end":{"line":9,"column":null}},{"start":{"line":6,"column":4},"end":{"line":9,"column":null}}]},"1":{"loc":{"start":{"line":3,"column":17},"end":{"line":3,"column":30}},"type":"binary-expr","locations":[{"start":{"line":3,"column":17},"end":{"line":3,"column":30}},{"start":{"line":3,"column":17},"end":{"line":3,"column":null}}]}},"s":{"0":1,"1":1,"2":5,"3":1,"4":1,"5":5,"6":1,"7":1,"8":1},"f":{"0":1,"1":5},"b":{"0":[1,4],"1":[1,1]}}
,"D:\\Users\\junjiema\\Project\\form-builder\\src\\core\\manage.ts": {"path":"D:\\Users\\junjiema\\Project\\form-builder\\src\\core\\manage.ts","statementMap":{"0":{"start":{"line":2,"column":0},"end":{"line":2,"column":31}},"1":{"start":{"line":4,"column":0},"end":{"line":4,"column":28}},"2":{"start":{"line":5,"column":0},"end":{"line":5,"column":31}},"3":{"start":{"line":27,"column":40},"end":{"line":27,"column":53}},"4":{"start":{"line":15,"column":9},"end":{"line":15,"column":58}},"5":{"start":{"line":28,"column":4},"end":{"line":28,"column":29}},"6":{"start":{"line":29,"column":4},"end":{"line":29,"column":31}},"7":{"start":{"line":30,"column":4},"end":{"line":30,"column":21}},"8":{"start":{"line":20,"column":4},"end":{"line":20,"column":27}},"9":{"start":{"line":24,"column":4},"end":{"line":24,"column":25}},"10":{"start":{"line":34,"column":4},"end":{"line":34,"column":32}},"11":{"start":{"line":38,"column":25},"end":{"line":41,"column":6}},"12":{"start":{"line":39,"column":6},"end":{"line":39,"column":21}},"13":{"start":{"line":40,"column":6},"end":{"line":40,"column":32}},"14":{"start":{"line":42,"column":4},"end":{"line":42,"column":44}},"15":{"start":{"line":42,"column":17},"end":{"line":42,"column":43}},"16":{"start":{"line":46,"column":20},"end":{"line":46,"column":51}},"17":{"start":{"line":46,"column":45},"end":{"line":46,"column":50}},"18":{"start":{"line":47,"column":4},"end":{"line":47,"column":29}},"19":{"start":{"line":51,"column":20},"end":{"line":53,"column":6}},"20":{"start":{"line":52,"column":8},"end":{"line":52,"column":34}},"21":{"start":{"line":54,"column":4},"end":{"line":54,"column":29}},"22":{"start":{"line":13,"column":0},"end":{"line":13,"column":21}}},"fnMap":{"0":{"name":"(anonymous_1)","decl":{"start":{"line":27,"column":2},"end":{"line":27,"column":14}},"loc":{"start":{"line":27,"column":53},"end":{"line":31,"column":3}}},"1":{"name":"(anonymous_2)","decl":{"start":{"line":19,"column":2},"end":{"line":19,"column":6}},"loc":{"start":{"line":19,"column":15},"end":{"line":21,"column":3}}},"2":{"name":"(anonymous_3)","decl":{"start":{"line":23,"column":2},"end":{"line":23,"column":6}},"loc":{"start":{"line":23,"column":10},"end":{"line":25,"column":3}}},"3":{"name":"(anonymous_4)","decl":{"start":{"line":33,"column":10},"end":{"line":33,"column":24}},"loc":{"start":{"line":33,"column":45},"end":{"line":35,"column":3}}},"4":{"name":"(anonymous_5)","decl":{"start":{"line":37,"column":9},"end":{"line":37,"column":18}},"loc":{"start":{"line":37,"column":55},"end":{"line":43,"column":3}}},"5":{"name":"(anonymous_6)","decl":{"start":{"line":38,"column":46},"end":{"line":38,"column":47}},"loc":{"start":{"line":38,"column":55},"end":{"line":41,"column":5}}},"6":{"name":"(anonymous_7)","decl":{"start":{"line":42,"column":11},"end":{"line":42,"column":14}},"loc":{"start":{"line":42,"column":17},"end":{"line":42,"column":43}}},"7":{"name":"(anonymous_8)","decl":{"start":{"line":45,"column":9},"end":{"line":45,"column":15}},"loc":{"start":{"line":45,"column":29},"end":{"line":48,"column":3}}},"8":{"name":"(anonymous_9)","decl":{"start":{"line":46,"column":34},"end":{"line":46,"column":35}},"loc":{"start":{"line":46,"column":45},"end":{"line":46,"column":50}}},"9":{"name":"(anonymous_10)","decl":{"start":{"line":50,"column":9},"end":{"line":50,"column":21}},"loc":{"start":{"line":50,"column":52},"end":{"line":55,"column":3}}},"10":{"name":"(anonymous_11)","decl":{"start":{"line":51,"column":43},"end":{"line":51,"column":48}},"loc":{"start":{"line":51,"column":51},"end":{"line":53,"column":5}}}},"branchMap":{},"s":{"0":1,"1":1,"2":1,"3":1,"4":1,"5":1,"6":1,"7":1,"8":1,"9":2,"10":6,"11":3,"12":6,"13":6,"14":3,"15":0,"16":2,"17":2,"18":2,"19":1,"20":1,"21":1,"22":1},"f":{"0":1,"1":1,"2":2,"3":6,"4":3,"5":6,"6":0,"7":2,"8":2,"9":1,"10":1},"b":{}}
,"D:\\Users\\junjiema\\Project\\form-builder\\src\\helper\\template-engine\\index.ts": {"path":"D:\\Users\\junjiema\\Project\\form-builder\\src\\helper\\template-engine\\index.ts","statementMap":{"0":{"start":{"line":2,"column":0},"end":{"line":2,"column":72}},"1":{"start":{"line":3,"column":0},"end":{"line":3,"column":39}},"2":{"start":{"line":15,"column":33},"end":{"line":15,"column":73}},"3":{"start":{"line":16,"column":8},"end":{"line":19,"column":null}},"4":{"start":{"line":17,"column":12},"end":{"line":17,"column":54}},"5":{"start":{"line":18,"column":12},"end":{"line":18,"column":56}},"6":{"start":{"line":21,"column":8},"end":{"line":25,"column":null}},"7":{"start":{"line":22,"column":27},"end":{"line":22,"column":59}},"8":{"start":{"line":23,"column":29},"end":{"line":23,"column":48}},"9":{"start":{"line":24,"column":12},"end":{"line":24,"column":73}},"10":{"start":{"line":26,"column":8},"end":{"line":26,"column":50}},"11":{"start":{"line":30,"column":19},"end":{"line":30,"column":24}},"12":{"start":{"line":31,"column":8},"end":{"line":33,"column":null}},"13":{"start":{"line":32,"column":12},"end":{"line":32,"column":97}},"14":{"start":{"line":32,"column":77},"end":{"line":32,"column":95}},"15":{"start":{"line":34,"column":8},"end":{"line":34,"column":36}},"16":{"start":{"line":10,"column":0},"end":{"line":10,"column":21}},"17":{"start":{"line":11,"column":27},"end":{"line":11,"column":62}},"18":{"start":{"line":12,"column":27},"end":{"line":12,"column":59}}},"fnMap":{"0":{"name":"(anonymous_0)","decl":{"start":{"line":14,"column":11},"end":{"line":14,"column":18}},"loc":{"start":{"line":14,"column":55},"end":{"line":27,"column":5}}},"1":{"name":"(anonymous_1)","decl":{"start":{"line":29,"column":11},"end":{"line":29,"column":24}},"loc":{"start":{"line":29,"column":48},"end":{"line":35,"column":5}}},"2":{"name":"(anonymous_2)","decl":{"start":{"line":32,"column":56},"end":{"line":32,"column":57}},"loc":{"start":{"line":32,"column":77},"end":{"line":32,"column":95}}}},"branchMap":{"0":{"loc":{"start":{"line":15,"column":33},"end":{"line":15,"column":67}},"type":"binary-expr","locations":[{"start":{"line":15,"column":33},"end":{"line":15,"column":67}},{"start":{"line":15,"column":71},"end":{"line":15,"column":73}}]},"1":{"loc":{"start":{"line":16,"column":8},"end":{"line":19,"column":null}},"type":"if","locations":[{"start":{"line":16,"column":8},"end":{"line":19,"column":null}},{"start":{"line":16,"column":8},"end":{"line":19,"column":null}}]},"2":{"loc":{"start":{"line":16,"column":14},"end":{"line":16,"column":20}},"type":"binary-expr","locations":[{"start":{"line":16,"column":14},"end":{"line":16,"column":20}},{"start":{"line":16,"column":24},"end":{"line":16,"column":32}}]},"3":{"loc":{"start":{"line":21,"column":8},"end":{"line":25,"column":null}},"type":"if","locations":[{"start":{"line":21,"column":8},"end":{"line":25,"column":null}},{"start":{"line":21,"column":8},"end":{"line":25,"column":null}}]},"4":{"loc":{"start":{"line":21,"column":12},"end":{"line":21,"column":33}},"type":"binary-expr","locations":[{"start":{"line":21,"column":12},"end":{"line":21,"column":33}},{"start":{"line":21,"column":37},"end":{"line":21,"column":55}}]},"5":{"loc":{"start":{"line":24,"column":40},"end":{"line":24,"column":61}},"type":"cond-expr","locations":[{"start":{"line":24,"column":40},"end":{"line":24,"column":61}},{"start":{"line":24,"column":64},"end":{"line":24,"column":72}}]},"6":{"loc":{"start":{"line":31,"column":8},"end":{"line":33,"column":null}},"type":"if","locations":[{"start":{"line":31,"column":8},"end":{"line":33,"column":null}},{"start":{"line":31,"column":8},"end":{"line":33,"column":null}}]},"7":{"loc":{"start":{"line":34,"column":15},"end":{"line":34,"column":29}},"type":"binary-expr","locations":[{"start":{"line":34,"column":15},"end":{"line":34,"column":29}},{"start":{"line":34,"column":33},"end":{"line":34,"column":35}}]}},"s":{"0":1,"1":1,"2":7,"3":7,"4":0,"5":0,"6":7,"7":2,"8":2,"9":2,"10":5,"11":5,"12":5,"13":4,"14":5,"15":5,"16":1,"17":1,"18":1},"f":{"0":7,"1":5,"2":5},"b":{"0":[7,0],"1":[0,7],"2":[7,7],"3":[2,5],"4":[7,2],"5":[1,1],"6":[4,1],"7":[5,0]}}
,"D:\\Users\\junjiema\\Project\\form-builder\\src\\helper\\template-engine\\safe-eval.ts": {"path":"D:\\Users\\junjiema\\Project\\form-builder\\src\\helper\\template-engine\\safe-eval.ts","statementMap":{"0":{"start":{"line":1,"column":0},"end":{"line":1,"column":55}},"1":{"start":{"line":6,"column":4},"end":{"line":9,"column":null}},"2":{"start":{"line":7,"column":8},"end":{"line":7,"column":61}},"3":{"start":{"line":8,"column":8},"end":{"line":8,"column":72}},"4":{"start":{"line":10,"column":50},"end":{"line":10,"column":104}},"5":{"start":{"line":11,"column":39},"end":{"line":11,"column":41}},"6":{"start":{"line":13,"column":4},"end":{"line":15,"column":null}},"7":{"start":{"line":13,"column":17},"end":{"line":13,"column":18}},"8":{"start":{"line":13,"column":26},"end":{"line":13,"column":55}},"9":{"start":{"line":14,"column":8},"end":{"line":14,"column":80}},"10":{"start":{"line":17,"column":4},"end":{"line":21,"column":9}},"11":{"start":{"line":4,"column":0},"end":{"line":4,"column":16}}},"fnMap":{"0":{"name":"safeEval","decl":{"start":{"line":4,"column":16},"end":{"line":4,"column":24}},"loc":{"start":{"line":4,"column":37},"end":{"line":22,"column":1}}}},"branchMap":{"0":{"loc":{"start":{"line":6,"column":4},"end":{"line":9,"column":null}},"type":"if","locations":[{"start":{"line":6,"column":4},"end":{"line":9,"column":null}},{"start":{"line":6,"column":4},"end":{"line":9,"column":null}}]}},"s":{"0":1,"1":10,"2":1,"3":1,"4":9,"5":9,"6":9,"7":9,"8":9,"9":1989,"10":9,"11":1},"f":{"0":10},"b":{"0":[1,9]}}
,"D:\\Users\\junjiema\\Project\\form-builder\\src\\utils\\checker.ts": {"path":"D:\\Users\\junjiema\\Project\\form-builder\\src\\utils\\checker.ts","statementMap":{"0":{"start":{"line":2,"column":4},"end":{"line":2,"column":103}},"1":{"start":{"line":1,"column":0},"end":{"line":1,"column":16}},"2":{"start":{"line":6,"column":4},"end":{"line":6,"column":38}},"3":{"start":{"line":5,"column":0},"end":{"line":5,"column":16}},"4":{"start":{"line":10,"column":4},"end":{"line":10,"column":39}},"5":{"start":{"line":9,"column":0},"end":{"line":9,"column":16}},"6":{"start":{"line":14,"column":4},"end":{"line":14,"column":null}},"7":{"start":{"line":13,"column":0},"end":{"line":13,"column":16}}},"fnMap":{"0":{"name":"isUndefined","decl":{"start":{"line":1,"column":16},"end":{"line":1,"column":27}},"loc":{"start":{"line":1,"column":38},"end":{"line":3,"column":1}}},"1":{"name":"isTotalWord","decl":{"start":{"line":5,"column":16},"end":{"line":5,"column":27}},"loc":{"start":{"line":5,"column":41},"end":{"line":7,"column":1}}},"2":{"name":"isFunction","decl":{"start":{"line":9,"column":16},"end":{"line":9,"column":26}},"loc":{"start":{"line":9,"column":37},"end":{"line":11,"column":1}}},"3":{"name":"isObject","decl":{"start":{"line":13,"column":16},"end":{"line":13,"column":24}},"loc":{"start":{"line":13,"column":35},"end":{"line":15,"column":1}}}},"branchMap":{"0":{"loc":{"start":{"line":2,"column":11},"end":{"line":2,"column":39}},"type":"binary-expr","locations":[{"start":{"line":2,"column":11},"end":{"line":2,"column":39}},{"start":{"line":2,"column":43},"end":{"line":2,"column":102}}]}},"s":{"0":24,"1":3,"2":2338,"3":3,"4":2,"5":3,"6":6,"7":3},"f":{"0":24,"1":2338,"2":2,"3":6},"b":{"0":[24,4]}}
,"D:\\Users\\junjiema\\Project\\form-builder\\src\\utils\\index.ts": {"path":"D:\\Users\\junjiema\\Project\\form-builder\\src\\utils\\index.ts","statementMap":{"0":{"start":{"line":1,"column":0},"end":{"line":1,"column":26}},"1":{"start":{"line":2,"column":0},"end":{"line":2,"column":24}}},"fnMap":{},"branchMap":{},"s":{"0":3,"1":3},"f":{},"b":{}}
,"D:\\Users\\junjiema\\Project\\form-builder\\src\\utils\\tools.ts": {"path":"D:\\Users\\junjiema\\Project\\form-builder\\src\\utils\\tools.ts","statementMap":{"0":{"start":{"line":2,"column":0},"end":{"line":2,"column":50}},"1":{"start":{"line":4,"column":13},"end":{"line":12,"column":2}},"2":{"start":{"line":5,"column":19},"end":{"line":9,"column":92}},"3":{"start":{"line":6,"column":8},"end":{"line":9,"column":92}},"4":{"start":{"line":9,"column":35},"end":{"line":9,"column":85}},"5":{"start":{"line":10,"column":19},"end":{"line":10,"column":60}},"6":{"start":{"line":11,"column":4},"end":{"line":11,"column":74}},"7":{"start":{"line":21,"column":13},"end":{"line":41,"column":null}},"8":{"start":{"line":22,"column":4},"end":{"line":25,"column":null}},"9":{"start":{"line":23,"column":8},"end":{"line":23,"column":50}},"10":{"start":{"line":24,"column":8},"end":{"line":24,"column":null}},"11":{"start":{"line":26,"column":4},"end":{"line":39,"column":null}},"12":{"start":{"line":30,"column":25},"end":{"line":30,"column":52}},"13":{"start":{"line":31,"column":23},"end":{"line":31,"column":31}},"14":{"start":{"line":32,"column":10},"end":{"line":34,"column":null}},"15":{"start":{"line":33,"column":13},"end":{"line":33,"column":null}},"16":{"start":{"line":35,"column":10},"end":{"line":37,"column":null}},"17":{"start":{"line":36,"column":14},"end":{"line":36,"column":31}},"18":{"start":{"line":38,"column":10},"end":{"line":38,"column":26}},"19":{"start":{"line":40,"column":4},"end":{"line":40,"column":15}}},"fnMap":{"0":{"name":"(anonymous_0)","decl":{"start":{"line":4,"column":19},"end":{"line":4,"column":20}},"loc":{"start":{"line":4,"column":102},"end":{"line":12,"column":1}}},"1":{"name":"(anonymous_1)","decl":{"start":{"line":5,"column":19},"end":{"line":5,"column":20}},"loc":{"start":{"line":6,"column":8},"end":{"line":9,"column":92}}},"2":{"name":"(anonymous_2)","decl":{"start":{"line":9,"column":20},"end":{"line":9,"column":21}},"loc":{"start":{"line":9,"column":35},"end":{"line":9,"column":85}}},"3":{"name":"(anonymous_3)","decl":{"start":{"line":21,"column":19},"end":{"line":21,"column":20}},"loc":{"start":{"line":21,"column":88},"end":{"line":41,"column":1}}},"4":{"name":"(anonymous_4)","decl":{"start":{"line":29,"column":14},"end":{"line":29,"column":15}},"loc":{"start":{"line":29,"column":40},"end":{"line":39,"column":7}}}},"branchMap":{"0":{"loc":{"start":{"line":4,"column":84},"end":{"line":4,"column":93}},"type":"default-arg","locations":[{"start":{"line":4,"column":84},"end":{"line":4,"column":93}}]},"1":{"loc":{"start":{"line":9,"column":71},"end":{"line":9,"column":79}},"type":"cond-expr","locations":[{"start":{"line":9,"column":71},"end":{"line":9,"column":79}},{"start":{"line":9,"column":82},"end":{"line":9,"column":85}}]},"2":{"loc":{"start":{"line":9,"column":35},"end":{"line":9,"column":47}},"type":"binary-expr","locations":[{"start":{"line":9,"column":35},"end":{"line":9,"column":47}},{"start":{"line":9,"column":51},"end":{"line":9,"column":68}}]},"3":{"loc":{"start":{"line":10,"column":19},"end":{"line":10,"column":37}},"type":"binary-expr","locations":[{"start":{"line":10,"column":19},"end":{"line":10,"column":37}},{"start":{"line":10,"column":41},"end":{"line":10,"column":60}}]},"4":{"loc":{"start":{"line":11,"column":52},"end":{"line":11,"column":64}},"type":"cond-expr","locations":[{"start":{"line":11,"column":52},"end":{"line":11,"column":64}},{"start":{"line":11,"column":67},"end":{"line":11,"column":73}}]},"5":{"loc":{"start":{"line":11,"column":11},"end":{"line":11,"column":31}},"type":"binary-expr","locations":[{"start":{"line":11,"column":11},"end":{"line":11,"column":31}},{"start":{"line":11,"column":35},"end":{"line":11,"column":49}}]},"6":{"loc":{"start":{"line":21,"column":75},"end":{"line":21,"column":84}},"type":"default-arg","locations":[{"start":{"line":21,"column":75},"end":{"line":21,"column":84}}]},"7":{"loc":{"start":{"line":22,"column":4},"end":{"line":25,"column":null}},"type":"if","locations":[{"start":{"line":22,"column":4},"end":{"line":25,"column":null}},{"start":{"line":22,"column":4},"end":{"line":25,"column":null}}]},"8":{"loc":{"start":{"line":32,"column":10},"end":{"line":34,"column":null}},"type":"if","locations":[{"start":{"line":32,"column":10},"end":{"line":34,"column":null}},{"start":{"line":32,"column":10},"end":{"line":34,"column":null}}]},"9":{"loc":{"start":{"line":32,"column":15},"end":{"line":32,"column":34}},"type":"binary-expr","locations":[{"start":{"line":32,"column":15},"end":{"line":32,"column":34}},{"start":{"line":32,"column":38},"end":{"line":32,"column":55}},{"start":{"line":32,"column":60},"end":{"line":32,"column":67}}]},"10":{"loc":{"start":{"line":35,"column":10},"end":{"line":37,"column":null}},"type":"if","locations":[{"start":{"line":35,"column":10},"end":{"line":37,"column":null}},{"start":{"line":35,"column":10},"end":{"line":37,"column":null}}]}},"s":{"0":3,"1":3,"2":11,"3":15,"4":24,"5":11,"6":11,"7":3,"8":4,"9":1,"10":1,"11":3,"12":9,"13":9,"14":9,"15":3,"16":9,"17":3,"18":9,"19":3},"f":{"0":11,"1":15,"2":24,"3":4,"4":9},"b":{"0":[10],"1":[21,3],"2":[24,24],"3":[11,4],"4":[3,8],"5":[11,8],"6":[1],"7":[1,3],"8":[3,6],"9":[9,6,5],"10":[3,6]}}
}
