TN:
SF:D:\Users\junjiema\Project\form-builder\src\core\context.ts
FN:3,(anonymous_1)
FN:5,getContext
FNF:2
FNH:2
FNDA:1,(anonymous_1)
FNDA:5,getContext
DA:1,1
DA:3,1
DA:5,1
DA:6,5
DA:7,1
DA:8,1
DA:10,5
DA:13,1
DA:14,1
LF:9
LH:9
BRDA:6,0,0,1
BRDA:6,0,1,4
BRDA:3,1,0,1
BRDA:3,1,1,1
BRF:4
BRH:4
end_of_record
TN:
SF:D:\Users\junjiema\Project\form-builder\src\core\manage.ts
FN:27,(anonymous_1)
FN:19,(anonymous_2)
FN:23,(anonymous_3)
FN:33,(anonymous_4)
FN:37,(anonymous_5)
FN:38,(anonymous_6)
FN:42,(anonymous_7)
FN:45,(anonymous_8)
FN:46,(anonymous_9)
FN:50,(anonymous_10)
FN:51,(anonymous_11)
FNF:11
FNH:10
FNDA:1,(anonymous_1)
FNDA:1,(anonymous_2)
FNDA:2,(anonymous_3)
FNDA:6,(anonymous_4)
FNDA:3,(anonymous_5)
FNDA:6,(anonymous_6)
FNDA:0,(anonymous_7)
FNDA:2,(anonymous_8)
FNDA:2,(anonymous_9)
FNDA:1,(anonymous_10)
FNDA:1,(anonymous_11)
DA:2,1
DA:4,1
DA:5,1
DA:13,1
DA:15,1
DA:20,1
DA:24,2
DA:27,1
DA:28,1
DA:29,1
DA:30,1
DA:34,6
DA:38,3
DA:39,6
DA:40,6
DA:42,3
DA:46,2
DA:47,2
DA:51,1
DA:52,1
DA:54,1
LF:21
LH:21
BRF:0
BRH:0
end_of_record
TN:
SF:D:\Users\junjiema\Project\form-builder\src\helper\template-engine\index.ts
FN:14,(anonymous_0)
FN:29,(anonymous_1)
FN:32,(anonymous_2)
FNF:3
FNH:3
FNDA:7,(anonymous_0)
FNDA:5,(anonymous_1)
FNDA:5,(anonymous_2)
DA:2,1
DA:3,1
DA:10,1
DA:11,1
DA:12,1
DA:15,7
DA:16,7
DA:17,0
DA:18,0
DA:21,7
DA:22,2
DA:23,2
DA:24,2
DA:26,5
DA:30,5
DA:31,5
DA:32,5
DA:34,5
LF:18
LH:16
BRDA:15,0,0,7
BRDA:15,0,1,0
BRDA:16,1,0,0
BRDA:16,1,1,7
BRDA:16,2,0,7
BRDA:16,2,1,7
BRDA:21,3,0,2
BRDA:21,3,1,5
BRDA:21,4,0,7
BRDA:21,4,1,2
BRDA:24,5,0,1
BRDA:24,5,1,1
BRDA:31,6,0,4
BRDA:31,6,1,1
BRDA:34,7,0,5
BRDA:34,7,1,0
BRF:16
BRH:13
end_of_record
TN:
SF:D:\Users\junjiema\Project\form-builder\src\helper\template-engine\safe-eval.ts
FN:4,safeEval
FNF:1
FNH:1
FNDA:10,safeEval
DA:1,1
DA:4,1
DA:6,10
DA:7,1
DA:8,1
DA:10,9
DA:11,9
DA:13,9
DA:14,1989
DA:17,9
LF:10
LH:10
BRDA:6,0,0,1
BRDA:6,0,1,9
BRF:2
BRH:2
end_of_record
TN:
SF:D:\Users\junjiema\Project\form-builder\src\utils\checker.ts
FN:1,isUndefined
FN:5,isTotalWord
FN:9,isFunction
FN:13,isObject
FNF:4
FNH:4
FNDA:24,isUndefined
FNDA:2338,isTotalWord
FNDA:2,isFunction
FNDA:6,isObject
DA:1,3
DA:2,24
DA:5,3
DA:6,2338
DA:9,3
DA:10,2
DA:13,3
DA:14,6
LF:8
LH:8
BRDA:2,0,0,24
BRDA:2,0,1,4
BRF:2
BRH:2
end_of_record
TN:
SF:D:\Users\junjiema\Project\form-builder\src\utils\index.ts
FNF:0
FNH:0
DA:1,3
DA:2,3
LF:2
LH:2
BRF:0
BRH:0
end_of_record
TN:
SF:D:\Users\junjiema\Project\form-builder\src\utils\tools.ts
FN:4,(anonymous_0)
FN:5,(anonymous_1)
FN:9,(anonymous_2)
FN:21,(anonymous_3)
FN:29,(anonymous_4)
FNF:5
FNH:5
FNDA:11,(anonymous_0)
FNDA:15,(anonymous_1)
FNDA:24,(anonymous_2)
FNDA:4,(anonymous_3)
FNDA:9,(anonymous_4)
DA:2,3
DA:4,3
DA:5,11
DA:6,15
DA:9,24
DA:10,11
DA:11,11
DA:21,3
DA:22,4
DA:23,1
DA:24,1
DA:26,3
DA:30,9
DA:31,9
DA:32,9
DA:33,3
DA:35,9
DA:36,3
DA:38,9
DA:40,3
LF:20
LH:20
BRDA:4,0,0,10
BRDA:9,1,0,21
BRDA:9,1,1,3
BRDA:9,2,0,24
BRDA:9,2,1,24
BRDA:10,3,0,11
BRDA:10,3,1,4
BRDA:11,4,0,3
BRDA:11,4,1,8
BRDA:11,5,0,11
BRDA:11,5,1,8
BRDA:21,6,0,1
BRDA:22,7,0,1
BRDA:22,7,1,3
BRDA:32,8,0,3
BRDA:32,8,1,6
BRDA:32,9,0,9
BRDA:32,9,1,6
BRDA:32,9,2,5
BRDA:35,10,0,3
BRDA:35,10,1,6
BRF:21
BRH:21
end_of_record
